<?xml version="1.0" encoding="UTF-8"?>
<testsuite xmlns:xsi="http://www.w3.org/2001/XMLSchema-instance" xsi:schemaLocation="https://maven.apache.org/surefire/maven-surefire-plugin/xsd/surefire-test-report.xsd" name="com.pluralsight.bookstore.repository.BookRepositoryTest" time="5.293" tests="21" errors="0" skipped="0" failures="0">
  <properties>
[...]
</properties>
  <testcase name="shouldBeDeployed" classname="com.pluralsight.bookstore.repository.BookRepositoryTest" time="0.176"/>
  <testcase name="shouldGetNoBook" classname="com.pluralsight.bookstore.repository.BookRepositoryTest" time="0.032"/>
  <testcase name="shouldCreateABook" classname="com.pluralsight.bookstore.repository.BookRepositoryTest" time="0.103"/>
  <testcase name="shouldFindTheCreatedBook" classname="com.pluralsight.bookstore.repository.BookRepositoryTest" time="0.035"/>
  <testcase name="shouldGetOneBook" classname="com.pluralsight.bookstore.repository.BookRepositoryTest" time="0.021"/>
  <testcase name="shouldDeleteTheCreatedBook" classname="com.pluralsight.bookstore.repository.BookRepositoryTest" time="0.035"/>
  <testcase name="shouldGetNoMoreBook" classname="com.pluralsight.bookstore.repository.BookRepositoryTest" time="0.019"/>
  <testcase name="shouldNotCreateInvalidBookNullTitle" classname="com.pluralsight.bookstore.repository.BookRepositoryTest" time="0.055"/>
  <testcase name="shouldNotCreateInvalidBookEmptyTitle" classname="com.pluralsight.bookstore.repository.BookRepositoryTest" time="0.075"/>
  <testcase name="shouldNotCreateInvalidBookMaxTitle" classname="com.pluralsight.bookstore.repository.BookRepositoryTest" time="0.044"/>
  <testcase name="shouldNotCreateInvalidBookMaxDescription" classname="com.pluralsight.bookstore.repository.BookRepositoryTest" time="0.055"/>
  <testcase name="shouldNotCreateInvalidBookMinCost" classname="com.pluralsight.bookstore.repository.BookRepositoryTest" time="0.045"/>
  <testcase name="shouldCreateInvalidBookNullIsbn" classname="com.pluralsight.bookstore.repository.BookRepositoryTest" time="0.017"/>
  <testcase name="shouldCreateInvalidBookEmptyIsbn" classname="com.pluralsight.bookstore.repository.BookRepositoryTest" time="0.022"/>
  <testcase name="shouldCreateInvalidBookMaxIsbn" classname="com.pluralsight.bookstore.repository.BookRepositoryTest" time="0.023"/>
  <testcase name="shouldNotCreateInvalidBookFutureDate" classname="com.pluralsight.bookstore.repository.BookRepositoryTest" time="0.066"/>
  <testcase name="shouldNotFindInvalidId" classname="com.pluralsight.bookstore.repository.BookRepositoryTest" time="0.085"/>
  <testcase name="shouldNotCreateNullBook" classname="com.pluralsight.bookstore.repository.BookRepositoryTest" time="0.084"/>
  <testcase name="shouldNotDeleteInvalidId" classname="com.pluralsight.bookstore.repository.BookRepositoryTest" time="0.053"/>
  <testcase name="shouldFindByTitle" classname="com.pluralsight.bookstore.repository.BookRepositoryTest" time="0.048"/>
  <testcase name="shouldFindByTitleWithExtraSpaces" classname="com.pluralsight.bookstore.repository.BookRepositoryTest" time="0.023"/>
</testsuite>